Determining if the pthread_create exist failed with the following output:
Change Dir: /home/holly/Documents/camera_simulate_lidar/toy_ws/build/CMakeFiles/CMakeTmp

Run Build Command:/usr/bin/make "cmTryCompileExec2758959909/fast"
/usr/bin/make -f CMakeFiles/cmTryCompileExec2758959909.dir/build.make CMakeFiles/cmTryCompileExec2758959909.dir/build
make[1]: Entering directory `/home/holly/Documents/camera_simulate_lidar/toy_ws/build/CMakeFiles/CMakeTmp'
/usr/bin/cmake -E cmake_progress_report /home/holly/Documents/camera_simulate_lidar/toy_ws/build/CMakeFiles/CMakeTmp/CMakeFiles 1
Building C object CMakeFiles/cmTryCompileExec2758959909.dir/CheckSymbolExists.c.o
/usr/bin/cc    -o CMakeFiles/cmTryCompileExec2758959909.dir/CheckSymbolExists.c.o   -c /home/holly/Documents/camera_simulate_lidar/toy_ws/build/CMakeFiles/CMakeTmp/CheckSymbolExists.c
Linking C executable cmTryCompileExec2758959909
/usr/bin/cmake -E cmake_link_script CMakeFiles/cmTryCompileExec2758959909.dir/link.txt --verbose=1
/usr/bin/cc       CMakeFiles/cmTryCompileExec2758959909.dir/CheckSymbolExists.c.o  -o cmTryCompileExec2758959909 -rdynamic 
CMakeFiles/cmTryCompileExec2758959909.dir/CheckSymbolExists.c.o: In function `main':
CheckSymbolExists.c:(.text+0x16): undefined reference to `pthread_create'
collect2: error: ld returned 1 exit status
make[1]: Leaving directory `/home/holly/Documents/camera_simulate_lidar/toy_ws/build/CMakeFiles/CMakeTmp'
make[1]: *** [cmTryCompileExec2758959909] Error 1
make: *** [cmTryCompileExec2758959909/fast] Error 2

File /home/holly/Documents/camera_simulate_lidar/toy_ws/build/CMakeFiles/CMakeTmp/CheckSymbolExists.c:
/* */
#include <pthread.h>

int main(int argc, char** argv)
{
  (void)argv;
#ifndef pthread_create
  return ((int*)(&pthread_create))[argc];
#else
  (void)argc;
  return 0;
#endif
}

Determining if the function pthread_create exists in the pthreads failed with the following output:
Change Dir: /home/holly/Documents/camera_simulate_lidar/toy_ws/build/CMakeFiles/CMakeTmp

Run Build Command:/usr/bin/make "cmTryCompileExec624505887/fast"
/usr/bin/make -f CMakeFiles/cmTryCompileExec624505887.dir/build.make CMakeFiles/cmTryCompileExec624505887.dir/build
make[1]: Entering directory `/home/holly/Documents/camera_simulate_lidar/toy_ws/build/CMakeFiles/CMakeTmp'
/usr/bin/cmake -E cmake_progress_report /home/holly/Documents/camera_simulate_lidar/toy_ws/build/CMakeFiles/CMakeTmp/CMakeFiles 1
Building C object CMakeFiles/cmTryCompileExec624505887.dir/CheckFunctionExists.c.o
/usr/bin/cc   -DCHECK_FUNCTION_EXISTS=pthread_create   -o CMakeFiles/cmTryCompileExec624505887.dir/CheckFunctionExists.c.o   -c /usr/share/cmake-2.8/Modules/CheckFunctionExists.c
Linking C executable cmTryCompileExec624505887
/usr/bin/cmake -E cmake_link_script CMakeFiles/cmTryCompileExec624505887.dir/link.txt --verbose=1
/usr/bin/cc   -DCHECK_FUNCTION_EXISTS=pthread_create    CMakeFiles/cmTryCompileExec624505887.dir/CheckFunctionExists.c.o  -o cmTryCompileExec624505887 -rdynamic -lpthreads 
/usr/bin/ld: cannot find -lpthreads
collect2: error: ld returned 1 exit status
make[1]: Leaving directory `/home/holly/Documents/camera_simulate_lidar/toy_ws/build/CMakeFiles/CMakeTmp'
make[1]: *** [cmTryCompileExec624505887] Error 1
make: *** [cmTryCompileExec624505887/fast] Error 2


